<?xml version="1.0" encoding="UTF-8"?>
<!-- Generated by org.testng.reporters.JUnitReportReporter -->
<testsuite hostname="INLEN8520030622" failures="0" tests="2" name="testNG.TestngAnnotation" time="0.004" errors="0" timestamp="2023-03-27T16:07:21 IST" skipped="0">
  <testcase classname="testNG.TestngAnnotation" name="test2" time="0.000"/>
  <system-out/>
  <testcase classname="testNG.TestngAnnotation" name="test1" time="0.004"/>
  <system-out/>
</testsuite> <!-- testNG.TestngAnnotation -->
